c:\users\87702\desktop\history-of-land\src\branch\hol_csharp\hol_csharp\hol_csharp\debug\hol_csharp.pch
c:\users\87702\desktop\history-of-land\src\branch\hol_csharp\hol_csharp\hol_csharp\debug\vc120.pdb
c:\users\87702\desktop\history-of-land\src\branch\hol_csharp\hol_csharp\hol_csharp\debug\stdafx.obj
c:\users\87702\desktop\history-of-land\src\branch\hol_csharp\hol_csharp\hol_csharp\debug\legend.obj
c:\users\87702\desktop\history-of-land\src\branch\hol_csharp\hol_csharp\hol_csharp\debug\hol_csharp.obj
c:\users\87702\desktop\history-of-land\src\branch\hol_csharp\hol_csharp\hol_csharp\debug\assemblyinfo.obj
c:\users\87702\desktop\history-of-land\src\branch\hol_csharp\hol_csharp\hol_csharp\debug\.netframework,version=v4.5.assemblyattributes.obj
c:\users\87702\desktop\history-of-land\src\branch\hol_csharp\hol_csharp\hol_csharp\debug\hol_csharp.legendsview.resources
c:\users\87702\desktop\history-of-land\src\branch\hol_csharp\hol_csharp\hol_csharp\debug\hol_csharp.logindlg.resources
c:\users\87702\desktop\history-of-land\src\branch\hol_csharp\hol_csharp\hol_csharp\debug\hol_csharp.systemwindow.resources
c:\users\87702\desktop\history-of-land\src\branch\hol_csharp\hol_csharp\hol_csharp\debug\app.res
c:\users\87702\desktop\history-of-land\src\branch\hol_csharp\hol_csharp\hol_csharp\debug\hol_csharp.vcxproj.generateresource.cache
c:\users\87702\desktop\history-of-land\src\branch\hol_csharp\hol_csharp\hol_csharp\debug\hol_csharp.pdb
c:\users\87702\desktop\history-of-land\src\branch\hol_csharp\hol_csharp\hol_csharp\debug\hol_csharp.exe
c:\users\87702\desktop\history-of-land\src\branch\hol_csharp\hol_csharp\hol_csharp\debug\hol_csharp.tlog\cl.command.1.tlog
c:\users\87702\desktop\history-of-land\src\branch\hol_csharp\hol_csharp\hol_csharp\debug\hol_csharp.tlog\cl.read.1.tlog
c:\users\87702\desktop\history-of-land\src\branch\hol_csharp\hol_csharp\hol_csharp\debug\hol_csharp.tlog\cl.write.1.tlog
c:\users\87702\desktop\history-of-land\src\branch\hol_csharp\hol_csharp\hol_csharp\debug\hol_csharp.tlog\hol_csharp.write.1u.tlog
c:\users\87702\desktop\history-of-land\src\branch\hol_csharp\hol_csharp\hol_csharp\debug\hol_csharp.tlog\link.command.1.tlog
c:\users\87702\desktop\history-of-land\src\branch\hol_csharp\hol_csharp\hol_csharp\debug\hol_csharp.tlog\link.read.1.tlog
c:\users\87702\desktop\history-of-land\src\branch\hol_csharp\hol_csharp\hol_csharp\debug\hol_csharp.tlog\link.write.1.tlog
c:\users\87702\desktop\history-of-land\src\branch\hol_csharp\hol_csharp\hol_csharp\debug\hol_csharp.tlog\metagen.read.1.tlog
c:\users\87702\desktop\history-of-land\src\branch\hol_csharp\hol_csharp\hol_csharp\debug\hol_csharp.tlog\metagen.write.1.tlog
c:\users\87702\desktop\history-of-land\src\branch\hol_csharp\hol_csharp\hol_csharp\debug\hol_csharp.tlog\rc.command.1.tlog
c:\users\87702\desktop\history-of-land\src\branch\hol_csharp\hol_csharp\hol_csharp\debug\hol_csharp.tlog\rc.read.1.tlog
c:\users\87702\desktop\history-of-land\src\branch\hol_csharp\hol_csharp\hol_csharp\debug\hol_csharp.tlog\rc.write.1.tlog
c:\users\87702\desktop\history-of-land\src\branch\hol_csharp\hol_csharp\hol_csharp\debug\hol_csharp.tlog\tzres.dll.bi
